This is pdfTeX, Version 3.141592653-2.6-1.40.26 (TeX Live 2024) (preloaded format=pdflatex 2025.2.15)  27 FEB 2025 19:55
entering extended mode
 restricted \write18 enabled.
 file:line:error style messages enabled.
 %&-line parsing enabled.
**/home/tagore/repos/STAT260/HW2/latex_v/hw2.tex
(/home/tagore/repos/STAT260/HW2/latex_v/hw2.tex
LaTeX2e <2024-11-01> patch level 2
L3 programming layer <2025-01-18>
(/home/tagore/.TinyTeX/texmf-dist/tex/latex/base/article.cls
Document Class: article 2024/06/29 v1.4n Standard LaTeX document class
(/home/tagore/.TinyTeX/texmf-dist/tex/latex/base/size10.clo
File: size10.clo 2024/06/29 v1.4n Standard LaTeX file (size option)
)
\c@part=\count196
\c@section=\count197
\c@subsection=\count198
\c@subsubsection=\count199
\c@paragraph=\count266
\c@subparagraph=\count267
\c@figure=\count268
\c@table=\count269
\abovecaptionskip=\skip49
\belowcaptionskip=\skip50
\bibindent=\dimen141
) (/home/tagore/.TinyTeX/texmf-dist/tex/latex/amsmath/amsmath.sty
Package: amsmath 2024/11/05 v2.17t AMS math features
\@mathmargin=\skip51

For additional information on amsmath, use the `?' option.
(/home/tagore/.TinyTeX/texmf-dist/tex/latex/amsmath/amstext.sty
Package: amstext 2021/08/26 v2.01 AMS text
 (/home/tagore/.TinyTeX/texmf-dist/tex/latex/amsmath/amsgen.sty
File: amsgen.sty 1999/11/30 v2.0 generic functions
\@emptytoks=\toks17
\ex@=\dimen142
)) (/home/tagore/.TinyTeX/texmf-dist/tex/latex/amsmath/amsbsy.sty
Package: amsbsy 1999/11/29 v1.2d Bold Symbols
\pmbraise@=\dimen143
) (/home/tagore/.TinyTeX/texmf-dist/tex/latex/amsmath/amsopn.sty
Package: amsopn 2022/04/08 v2.04 operator names
)
\inf@bad=\count270
LaTeX Info: Redefining \frac on input line 233.
\uproot@=\count271
\leftroot@=\count272
LaTeX Info: Redefining \overline on input line 398.
LaTeX Info: Redefining \colon on input line 409.
\classnum@=\count273
\DOTSCASE@=\count274
LaTeX Info: Redefining \ldots on input line 495.
LaTeX Info: Redefining \dots on input line 498.
LaTeX Info: Redefining \cdots on input line 619.
\Mathstrutbox@=\box52
\strutbox@=\box53
LaTeX Info: Redefining \big on input line 721.
LaTeX Info: Redefining \Big on input line 722.
LaTeX Info: Redefining \bigg on input line 723.
LaTeX Info: Redefining \Bigg on input line 724.
\big@size=\dimen144
LaTeX Font Info:    Redeclaring font encoding OML on input line 742.
LaTeX Font Info:    Redeclaring font encoding OMS on input line 743.
\macc@depth=\count275
LaTeX Info: Redefining \bmod on input line 904.
LaTeX Info: Redefining \pmod on input line 909.
LaTeX Info: Redefining \smash on input line 939.
LaTeX Info: Redefining \relbar on input line 969.
LaTeX Info: Redefining \Relbar on input line 970.
\c@MaxMatrixCols=\count276
\dotsspace@=\muskip17
\c@parentequation=\count277
\dspbrk@lvl=\count278
\tag@help=\toks18
\row@=\count279
\column@=\count280
\maxfields@=\count281
\andhelp@=\toks19
\eqnshift@=\dimen145
\alignsep@=\dimen146
\tagshift@=\dimen147
\tagwidth@=\dimen148
\totwidth@=\dimen149
\lineht@=\dimen150
\@envbody=\toks20
\multlinegap=\skip52
\multlinetaggap=\skip53
\mathdisplay@stack=\toks21
LaTeX Info: Redefining \[ on input line 2953.
LaTeX Info: Redefining \] on input line 2954.
) (/home/tagore/.TinyTeX/texmf-dist/tex/latex/graphics/graphicx.sty
Package: graphicx 2021/09/16 v1.2d Enhanced LaTeX Graphics (DPC,SPQR)
 (/home/tagore/.TinyTeX/texmf-dist/tex/latex/graphics/keyval.sty
Package: keyval 2022/05/29 v1.15 key=value parser (DPC)
\KV@toks@=\toks22
) (/home/tagore/.TinyTeX/texmf-dist/tex/latex/graphics/graphics.sty
Package: graphics 2024/08/06 v1.4g Standard LaTeX Graphics (DPC,SPQR)
 (/home/tagore/.TinyTeX/texmf-dist/tex/latex/graphics/trig.sty
Package: trig 2023/12/02 v1.11 sin cos tan (DPC)
) (/home/tagore/.TinyTeX/texmf-dist/tex/latex/graphics-cfg/graphics.cfg
File: graphics.cfg 2016/06/04 v1.11 sample graphics configuration
)
Package graphics Info: Driver file: pdftex.def on input line 106.
 (/home/tagore/.TinyTeX/texmf-dist/tex/latex/graphics-def/pdftex.def
File: pdftex.def 2024/04/13 v1.2c Graphics/color driver for pdftex
))
\Gin@req@height=\dimen151
\Gin@req@width=\dimen152
) (/home/tagore/.TinyTeX/texmf-dist/tex/latex/geometry/geometry.sty
Package: geometry 2020/01/02 v5.9 Page Geometry
 (/home/tagore/.TinyTeX/texmf-dist/tex/generic/iftex/ifvtex.sty
Package: ifvtex 2019/10/25 v1.7 ifvtex legacy package. Use iftex instead.
 (/home/tagore/.TinyTeX/texmf-dist/tex/generic/iftex/iftex.sty
Package: iftex 2024/12/12 v1.0g TeX engine tests
))
\Gm@cnth=\count282
\Gm@cntv=\count283
\c@Gm@tempcnt=\count284
\Gm@bindingoffset=\dimen153
\Gm@wd@mp=\dimen154
\Gm@odd@mp=\dimen155
\Gm@even@mp=\dimen156
\Gm@layoutwidth=\dimen157
\Gm@layoutheight=\dimen158
\Gm@layouthoffset=\dimen159
\Gm@layoutvoffset=\dimen160
\Gm@dimlist=\toks23
) (/home/tagore/.TinyTeX/texmf-dist/tex/latex/xcolor/xcolor.sty
Package: xcolor 2024/09/29 v3.02 LaTeX color extensions (UK)
 (/home/tagore/.TinyTeX/texmf-dist/tex/latex/graphics-cfg/color.cfg
File: color.cfg 2016/01/02 v1.6 sample color configuration
)
Package xcolor Info: Driver file: pdftex.def on input line 274.
 (/home/tagore/.TinyTeX/texmf-dist/tex/latex/graphics/mathcolor.ltx)
Package xcolor Info: Model `cmy' substituted by `cmy0' on input line 1349.
Package xcolor Info: Model `hsb' substituted by `rgb' on input line 1353.
Package xcolor Info: Model `RGB' extended on input line 1365.
Package xcolor Info: Model `HTML' substituted by `rgb' on input line 1367.
Package xcolor Info: Model `Hsb' substituted by `hsb' on input line 1368.
Package xcolor Info: Model `tHsb' substituted by `hsb' on input line 1369.
Package xcolor Info: Model `HSB' substituted by `hsb' on input line 1370.
Package xcolor Info: Model `Gray' substituted by `gray' on input line 1371.
Package xcolor Info: Model `wave' substituted by `hsb' on input line 1372.
) (/home/tagore/.TinyTeX/texmf-dist/tex/latex/float/float.sty
Package: float 2001/11/08 v1.3d Float enhancements (AL)
\c@float@type=\count285
\float@exts=\toks24
\float@box=\box54
\@float@everytoks=\toks25
\@floatcapt=\box55
) (/home/tagore/.TinyTeX/texmf-dist/tex/latex/caption/caption.sty
Package: caption 2023/08/05 v3.6o Customizing captions (AR)
 (/home/tagore/.TinyTeX/texmf-dist/tex/latex/caption/caption3.sty
Package: caption3 2023/07/31 v2.4d caption3 kernel (AR)
\caption@tempdima=\dimen161
\captionmargin=\dimen162
\caption@leftmargin=\dimen163
\caption@rightmargin=\dimen164
\caption@width=\dimen165
\caption@indent=\dimen166
\caption@parindent=\dimen167
\caption@hangindent=\dimen168
Package caption Info: Standard document class detected.
)
\c@caption@flags=\count286
\c@continuedfloat=\count287
Package caption Info: float package is loaded.
) (/home/tagore/.TinyTeX/texmf-dist/tex/latex/caption/subcaption.sty
Package: subcaption 2023/07/28 v1.6b Sub-captions (AR)
Package caption Info: New subtype `subfigure' on input line 238.
\c@subfigure=\count288
Package caption Info: New subtype `subtable' on input line 238.
\c@subtable=\count289
) (/home/tagore/.TinyTeX/texmf-dist/tex/latex/listings/listings.sty
\lst@mode=\count290
\lst@gtempboxa=\box56
\lst@token=\toks26
\lst@length=\count291
\lst@currlwidth=\dimen169
\lst@column=\count292
\lst@pos=\count293
\lst@lostspace=\dimen170
\lst@width=\dimen171
\lst@newlines=\count294
\lst@lineno=\count295
\lst@maxwidth=\dimen172
 (/home/tagore/.TinyTeX/texmf-dist/tex/latex/listings/lstpatch.sty
File: lstpatch.sty 2024/09/23 1.10c (Carsten Heinz)
) (/home/tagore/.TinyTeX/texmf-dist/tex/latex/listings/lstmisc.sty
File: lstmisc.sty 2024/09/23 1.10c (Carsten Heinz)
\c@lstnumber=\count296
\lst@skipnumbers=\count297
\lst@framebox=\box57
) (/home/tagore/.TinyTeX/texmf-dist/tex/latex/listings/listings.cfg
File: listings.cfg 2024/09/23 1.10c listings configuration
))
Package: listings 2024/09/23 1.10c (Carsten Heinz)
 (/home/tagore/.TinyTeX/texmf-dist/tex/latex/listings/lstlang1.sty
File: lstlang1.sty 2024/09/23 1.10c listings language file
) (/home/tagore/.TinyTeX/texmf-dist/tex/latex/l3backend/l3backend-pdftex.def
File: l3backend-pdftex.def 2024-05-08 L3 backend support: PDF output (pdfTeX)
\l__color_backend_stack_int=\count298
\l__pdf_internal_box=\box58
) (./hw2.aux)
\openout1 = `hw2.aux'.

LaTeX Font Info:    Checking defaults for OML/cmm/m/it on input line 36.
LaTeX Font Info:    ... okay on input line 36.
LaTeX Font Info:    Checking defaults for OMS/cmsy/m/n on input line 36.
LaTeX Font Info:    ... okay on input line 36.
LaTeX Font Info:    Checking defaults for OT1/cmr/m/n on input line 36.
LaTeX Font Info:    ... okay on input line 36.
LaTeX Font Info:    Checking defaults for T1/cmr/m/n on input line 36.
LaTeX Font Info:    ... okay on input line 36.
LaTeX Font Info:    Checking defaults for TS1/cmr/m/n on input line 36.
LaTeX Font Info:    ... okay on input line 36.
LaTeX Font Info:    Checking defaults for OMX/cmex/m/n on input line 36.
LaTeX Font Info:    ... okay on input line 36.
LaTeX Font Info:    Checking defaults for U/cmr/m/n on input line 36.
LaTeX Font Info:    ... okay on input line 36.
 (/home/tagore/.TinyTeX/texmf-dist/tex/latex/epstopdf-pkg/epstopdf-base.sty
Package: epstopdf-base 2020-01-24 v2.11 Base part for package epstopdf
Package epstopdf-base Info: Redefining graphics rule for `.eps' on input line 485.
 (/home/tagore/.TinyTeX/texmf-dist/tex/latex/latexconfig/epstopdf-sys.cfg
File: epstopdf-sys.cfg 2010/07/13 v1.3 Configuration of (r)epstopdf for TeX Live
))
*geometry* driver: auto-detecting
*geometry* detected driver: pdftex
*geometry* verbose mode - [ preamble ] result:
* driver: pdftex
* paper: a4paper
* layout: <same size as paper>
* layoutoffset:(h,v)=(0.0pt,0.0pt)
* modes: 
* h-part:(L,W,R)=(72.26999pt, 452.9679pt, 72.26999pt)
* v-part:(T,H,B)=(72.26999pt, 700.50687pt, 72.26999pt)
* \paperwidth=597.50787pt
* \paperheight=845.04684pt
* \textwidth=452.9679pt
* \textheight=700.50687pt
* \oddsidemargin=0.0pt
* \evensidemargin=0.0pt
* \topmargin=-37.0pt
* \headheight=12.0pt
* \headsep=25.0pt
* \topskip=10.0pt
* \footskip=30.0pt
* \marginparwidth=65.0pt
* \marginparsep=11.0pt
* \columnsep=10.0pt
* \skip\footins=9.0pt plus 4.0pt minus 2.0pt
* \hoffset=0.0pt
* \voffset=0.0pt
* \mag=1000
* \@twocolumnfalse
* \@twosidefalse
* \@mparswitchfalse
* \@reversemarginfalse
* (1in=72.27pt=25.4mm, 1cm=28.453pt)

Package caption Info: Begin \AtBeginDocument code.
Package caption Info: listings package is loaded.
Package caption Info: End \AtBeginDocument code.
\c@lstlisting=\count299

Overfull \hbox (44.61351pt too wide) in paragraph at lines 41--43
\OT1/cmr/m/n/10 repli-cate the re-sult can be found in the fol-low-ing link: \OT1/cmtt/m/n/10 https://github.com/TagoreZhao/STAT260/tree/main/HW2 
 []

LaTeX Font Info:    Font shape `OT1/cmtt/bx/n' in size <9> not available
(Font)              Font shape `OT1/cmtt/m/n' tried instead on input line 49.


[1

{/home/tagore/.TinyTeX/texmf-var/fonts/map/pdftex/updmap/pdftex.map}]
</home/tagore/repos/STAT260/HW2/assets/Q9_A_GA norm_based Sampling Probabilities.png, id=16, 406.1574pt x 284.0211pt>
File: /home/tagore/repos/STAT260/HW2/assets/Q9_A_GA norm_based Sampling Probabilities.png Graphic file (type png)
<use /home/tagore/repos/STAT260/HW2/assets/Q9_A_GA norm_based Sampling Probabilities.png>
Package pdftex.def Info: /home/tagore/repos/STAT260/HW2/assets/Q9_A_GA norm_based Sampling Probabilities.png  used on input line 85.
(pdftex.def)             Requested size: 226.48395pt x 158.37465pt.
</home/tagore/repos/STAT260/HW2/assets/Q9_A_T3 norm_based Sampling Probabilities.png, id=18, 393.8715pt x 284.0211pt>
File: /home/tagore/repos/STAT260/HW2/assets/Q9_A_T3 norm_based Sampling Probabilities.png Graphic file (type png)
<use /home/tagore/repos/STAT260/HW2/assets/Q9_A_T3 norm_based Sampling Probabilities.png>
Package pdftex.def Info: /home/tagore/repos/STAT260/HW2/assets/Q9_A_T3 norm_based Sampling Probabilities.png  used on input line 92.
(pdftex.def)             Requested size: 226.48395pt x 163.31952pt.
</home/tagore/repos/STAT260/HW2/assets/Q9_A_T1 norm_based Sampling Probabilities.png, id=19, 387.3672pt x 284.0211pt>
File: /home/tagore/repos/STAT260/HW2/assets/Q9_A_T1 norm_based Sampling Probabilities.png Graphic file (type png)
<use /home/tagore/repos/STAT260/HW2/assets/Q9_A_T1 norm_based Sampling Probabilities.png>
Package pdftex.def Info: /home/tagore/repos/STAT260/HW2/assets/Q9_A_T1 norm_based Sampling Probabilities.png  used on input line 99.
(pdftex.def)             Requested size: 226.48395pt x 166.06282pt.
</home/tagore/repos/STAT260/HW2/assets/Q9_Error of Norm Based Sampling Approximation for (A_GA * A_GA^T).png, id=20, 499.3857pt x 339.669pt>
File: /home/tagore/repos/STAT260/HW2/assets/Q9_Error of Norm Based Sampling Approximation for (A_GA * A_GA^T).png Graphic file (type png)
<use /home/tagore/repos/STAT260/HW2/assets/Q9_Error of Norm Based Sampling Approximation for (A_GA * A_GA^T).png>
Package pdftex.def Info: /home/tagore/repos/STAT260/HW2/assets/Q9_Error of Norm Based Sampling Approximation for (A_GA * A_GA^T).png  used on input line 108.
(pdftex.def)             Requested size: 226.48395pt x 154.04689pt.


[2 </home/tagore/repos/STAT260/HW2/assets/Q9_A_GA norm_based Sampling Probabilities.png> </home/tagore/repos/STAT260/HW2/assets/Q9_A_T3 norm_based Sampling Probabilities.png> </home/tagore/repos/STAT260/HW2/assets/Q9_A_T1 norm_based Sampling Probabilities.png>]
</home/tagore/repos/STAT260/HW2/assets/Q9_Error of Norm Based Sampling Approximation for (A_T3 * A_T3^T).png, id=27, 499.3857pt x 339.669pt>
File: /home/tagore/repos/STAT260/HW2/assets/Q9_Error of Norm Based Sampling Approximation for (A_T3 * A_T3^T).png Graphic file (type png)
<use /home/tagore/repos/STAT260/HW2/assets/Q9_Error of Norm Based Sampling Approximation for (A_T3 * A_T3^T).png>
Package pdftex.def Info: /home/tagore/repos/STAT260/HW2/assets/Q9_Error of Norm Based Sampling Approximation for (A_T3 * A_T3^T).png  used on input line 115.
(pdftex.def)             Requested size: 226.48395pt x 154.04689pt.
</home/tagore/repos/STAT260/HW2/assets/Q_9_Error of Norm Based Sampling Approximation for (A_T1 * A_T1^T).png, id=28, 505.89pt x 339.669pt>
File: /home/tagore/repos/STAT260/HW2/assets/Q_9_Error of Norm Based Sampling Approximation for (A_T1 * A_T1^T).png Graphic file (type png)
<use /home/tagore/repos/STAT260/HW2/assets/Q_9_Error of Norm Based Sampling Approximation for (A_T1 * A_T1^T).png>
Package pdftex.def Info: /home/tagore/repos/STAT260/HW2/assets/Q_9_Error of Norm Based Sampling Approximation for (A_T1 * A_T1^T).png  used on input line 122.
(pdftex.def)             Requested size: 226.48395pt x 152.06702pt.


[3 </home/tagore/repos/STAT260/HW2/assets/Q9_Error of Norm Based Sampling Approximation for (A_GA * A_GA^T).png> </home/tagore/repos/STAT260/HW2/assets/Q9_Error of Norm Based Sampling Approximation for (A_T3 * A_T3^T).png> </home/tagore/repos/STAT260/HW2/assets/Q_9_Error of Norm Based Sampling Approximation for (A_T1 * A_T1^T).png>]
</home/tagore/repos/STAT260/HW2/assets/Q10_Uniform Sampling: Error vs. Samples for U_A_GA (U_A_GA * U_A_GA^T).png, id=37, 489.9906pt x 339.669pt>
File: /home/tagore/repos/STAT260/HW2/assets/Q10_Uniform Sampling: Error vs. Samples for U_A_GA (U_A_GA * U_A_GA^T).png Graphic file (type png)
<use /home/tagore/repos/STAT260/HW2/assets/Q10_Uniform Sampling: Error vs. Samples for U_A_GA (U_A_GA * U_A_GA^T).png>
Package pdftex.def Info: /home/tagore/repos/STAT260/HW2/assets/Q10_Uniform Sampling: Error vs. Samples for U_A_GA (U_A_GA * U_A_GA^T).png  used on input line 135.
(pdftex.def)             Requested size: 226.48395pt x 157.00116pt.
</home/tagore/repos/STAT260/HW2/assets/Q10_Uniform Sampling: Error vs. Samples for U_A_T3 (U_A_T3 * U_A_T3^T).png, id=38, 505.89pt x 339.669pt>
File: /home/tagore/repos/STAT260/HW2/assets/Q10_Uniform Sampling: Error vs. Samples for U_A_T3 (U_A_T3 * U_A_T3^T).png Graphic file (type png)
<use /home/tagore/repos/STAT260/HW2/assets/Q10_Uniform Sampling: Error vs. Samples for U_A_T3 (U_A_T3 * U_A_T3^T).png>
Package pdftex.def Info: /home/tagore/repos/STAT260/HW2/assets/Q10_Uniform Sampling: Error vs. Samples for U_A_T3 (U_A_T3 * U_A_T3^T).png  used on input line 142.
(pdftex.def)             Requested size: 226.48395pt x 152.06702pt.
</home/tagore/repos/STAT260/HW2/assets/Q10_Uniform Sampling: Error vs. Samples for U_A_T1 (U_A_T1 * U_A_T1^T).png, id=39, 495.7722pt x 339.669pt>
File: /home/tagore/repos/STAT260/HW2/assets/Q10_Uniform Sampling: Error vs. Samples for U_A_T1 (U_A_T1 * U_A_T1^T).png Graphic file (type png)
<use /home/tagore/repos/STAT260/HW2/assets/Q10_Uniform Sampling: Error vs. Samples for U_A_T1 (U_A_T1 * U_A_T1^T).png>
Package pdftex.def Info: /home/tagore/repos/STAT260/HW2/assets/Q10_Uniform Sampling: Error vs. Samples for U_A_T1 (U_A_T1 * U_A_T1^T).png  used on input line 149.
(pdftex.def)             Requested size: 226.48395pt x 155.17159pt.


[4 </home/tagore/repos/STAT260/HW2/assets/Q10_Uniform Sampling: Error vs. Samples for U_A_GA (U_A_GA * U_A_GA^T).png> </home/tagore/repos/STAT260/HW2/assets/Q10_Uniform Sampling: Error vs. Samples for U_A_T3 (U_A_T3 * U_A_T3^T).png> </home/tagore/repos/STAT260/HW2/assets/Q10_Uniform Sampling: Error vs. Samples for U_A_T1 (U_A_T1 * U_A_T1^T).png>]
</home/tagore/repos/STAT260/HW2/assets/Q11_Leverage Sampling: Error vs. Samples for A_GA (A_GA * A_GA^T).png, id=46, 499.3857pt x 339.669pt>
File: /home/tagore/repos/STAT260/HW2/assets/Q11_Leverage Sampling: Error vs. Samples for A_GA (A_GA * A_GA^T).png Graphic file (type png)
<use /home/tagore/repos/STAT260/HW2/assets/Q11_Leverage Sampling: Error vs. Samples for A_GA (A_GA * A_GA^T).png>
Package pdftex.def Info: /home/tagore/repos/STAT260/HW2/assets/Q11_Leverage Sampling: Error vs. Samples for A_GA (A_GA * A_GA^T).png  used on input line 162.
(pdftex.def)             Requested size: 226.48395pt x 154.04689pt.
</home/tagore/repos/STAT260/HW2/assets/Q11_Leverage Sampling: Error vs. Samples for A_T3 (A_T3 * A_T3^T).png, id=47, 499.3857pt x 339.669pt>
File: /home/tagore/repos/STAT260/HW2/assets/Q11_Leverage Sampling: Error vs. Samples for A_T3 (A_T3 * A_T3^T).png Graphic file (type png)
<use /home/tagore/repos/STAT260/HW2/assets/Q11_Leverage Sampling: Error vs. Samples for A_T3 (A_T3 * A_T3^T).png>
Package pdftex.def Info: /home/tagore/repos/STAT260/HW2/assets/Q11_Leverage Sampling: Error vs. Samples for A_T3 (A_T3 * A_T3^T).png  used on input line 169.
(pdftex.def)             Requested size: 226.48395pt x 154.04689pt.
</home/tagore/repos/STAT260/HW2/assets/Q11_Leverage Sampling: Error vs. Samples for A_T1 (A_T1 * A_T1^T).png, id=48, 499.3857pt x 339.669pt>
File: /home/tagore/repos/STAT260/HW2/assets/Q11_Leverage Sampling: Error vs. Samples for A_T1 (A_T1 * A_T1^T).png Graphic file (type png)
<use /home/tagore/repos/STAT260/HW2/assets/Q11_Leverage Sampling: Error vs. Samples for A_T1 (A_T1 * A_T1^T).png>
Package pdftex.def Info: /home/tagore/repos/STAT260/HW2/assets/Q11_Leverage Sampling: Error vs. Samples for A_T1 (A_T1 * A_T1^T).png  used on input line 176.
(pdftex.def)             Requested size: 226.48395pt x 154.04689pt.
</home/tagore/repos/STAT260/HW2/assets/Q12_Gaussian Projection: Error vs. Samples for A_GA (A_GA * A_GA^T).png, id=49, 499.3857pt x 339.669pt>
File: /home/tagore/repos/STAT260/HW2/assets/Q12_Gaussian Projection: Error vs. Samples for A_GA (A_GA * A_GA^T).png Graphic file (type png)
<use /home/tagore/repos/STAT260/HW2/assets/Q12_Gaussian Projection: Error vs. Samples for A_GA (A_GA * A_GA^T).png>
Package pdftex.def Info: /home/tagore/repos/STAT260/HW2/assets/Q12_Gaussian Projection: Error vs. Samples for A_GA (A_GA * A_GA^T).png  used on input line 190.
(pdftex.def)             Requested size: 226.48395pt x 154.04689pt.


[5 </home/tagore/repos/STAT260/HW2/assets/Q11_Leverage Sampling: Error vs. Samples for A_GA (A_GA * A_GA^T).png> </home/tagore/repos/STAT260/HW2/assets/Q11_Leverage Sampling: Error vs. Samples for A_T3 (A_T3 * A_T3^T).png> </home/tagore/repos/STAT260/HW2/assets/Q11_Leverage Sampling: Error vs. Samples for A_T1 (A_T1 * A_T1^T).png>]
</home/tagore/repos/STAT260/HW2/assets/Q12_Gaussian Projection: Error vs. Samples for A_T3 (A_T3 * A_T3^T).png, id=56, 499.3857pt x 339.669pt>
File: /home/tagore/repos/STAT260/HW2/assets/Q12_Gaussian Projection: Error vs. Samples for A_T3 (A_T3 * A_T3^T).png Graphic file (type png)
<use /home/tagore/repos/STAT260/HW2/assets/Q12_Gaussian Projection: Error vs. Samples for A_T3 (A_T3 * A_T3^T).png>
Package pdftex.def Info: /home/tagore/repos/STAT260/HW2/assets/Q12_Gaussian Projection: Error vs. Samples for A_T3 (A_T3 * A_T3^T).png  used on input line 196.
(pdftex.def)             Requested size: 226.48395pt x 154.04689pt.
</home/tagore/repos/STAT260/HW2/assets/Q12_Gaussian Projection: Error vs. Samples for A_T1 (A_T1 * A_T1^T).png, id=57, 505.89pt x 339.669pt>
File: /home/tagore/repos/STAT260/HW2/assets/Q12_Gaussian Projection: Error vs. Samples for A_T1 (A_T1 * A_T1^T).png Graphic file (type png)
<use /home/tagore/repos/STAT260/HW2/assets/Q12_Gaussian Projection: Error vs. Samples for A_T1 (A_T1 * A_T1^T).png>
Package pdftex.def Info: /home/tagore/repos/STAT260/HW2/assets/Q12_Gaussian Projection: Error vs. Samples for A_T1 (A_T1 * A_T1^T).png  used on input line 203.
(pdftex.def)             Requested size: 226.48395pt x 152.06702pt.
</home/tagore/repos/STAT260/HW2/assets/Q12_Sign Projection: Error vs. Samples for A_GA (A_GA * A_GA^T).png, id=58, 499.3857pt x 339.669pt>
File: /home/tagore/repos/STAT260/HW2/assets/Q12_Sign Projection: Error vs. Samples for A_GA (A_GA * A_GA^T).png Graphic file (type png)
<use /home/tagore/repos/STAT260/HW2/assets/Q12_Sign Projection: Error vs. Samples for A_GA (A_GA * A_GA^T).png>
Package pdftex.def Info: /home/tagore/repos/STAT260/HW2/assets/Q12_Sign Projection: Error vs. Samples for A_GA (A_GA * A_GA^T).png  used on input line 210.
(pdftex.def)             Requested size: 226.48395pt x 154.04689pt.


[6 </home/tagore/repos/STAT260/HW2/assets/Q12_Gaussian Projection: Error vs. Samples for A_GA (A_GA * A_GA^T).png> </home/tagore/repos/STAT260/HW2/assets/Q12_Gaussian Projection: Error vs. Samples for A_T3 (A_T3 * A_T3^T).png> </home/tagore/repos/STAT260/HW2/assets/Q12_Gaussian Projection: Error vs. Samples for A_T1 (A_T1 * A_T1^T).png>]
</home/tagore/repos/STAT260/HW2/assets/Q12_Sign Projection: Error vs. Samples for A_T3 (A_T3 * A_T3^T).png, id=66, 499.3857pt x 339.669pt>
File: /home/tagore/repos/STAT260/HW2/assets/Q12_Sign Projection: Error vs. Samples for A_T3 (A_T3 * A_T3^T).png Graphic file (type png)
<use /home/tagore/repos/STAT260/HW2/assets/Q12_Sign Projection: Error vs. Samples for A_T3 (A_T3 * A_T3^T).png>
Package pdftex.def Info: /home/tagore/repos/STAT260/HW2/assets/Q12_Sign Projection: Error vs. Samples for A_T3 (A_T3 * A_T3^T).png  used on input line 217.
(pdftex.def)             Requested size: 226.48395pt x 154.04689pt.
</home/tagore/repos/STAT260/HW2/assets/Q12_Sign Projection: Error vs. Samples for A_T1 (A_T1 * A_T1^T).png, id=67, 505.89pt x 339.669pt>
File: /home/tagore/repos/STAT260/HW2/assets/Q12_Sign Projection: Error vs. Samples for A_T1 (A_T1 * A_T1^T).png Graphic file (type png)
<use /home/tagore/repos/STAT260/HW2/assets/Q12_Sign Projection: Error vs. Samples for A_T1 (A_T1 * A_T1^T).png>
Package pdftex.def Info: /home/tagore/repos/STAT260/HW2/assets/Q12_Sign Projection: Error vs. Samples for A_T1 (A_T1 * A_T1^T).png  used on input line 224.
(pdftex.def)             Requested size: 226.48395pt x 152.06702pt.


[7 </home/tagore/repos/STAT260/HW2/assets/Q12_Sign Projection: Error vs. Samples for A_GA (A_GA * A_GA^T).png> </home/tagore/repos/STAT260/HW2/assets/Q12_Sign Projection: Error vs. Samples for A_T3 (A_T3 * A_T3^T).png> </home/tagore/repos/STAT260/HW2/assets/Q12_Sign Projection: Error vs. Samples for A_T1 (A_T1 * A_T1^T).png>]
</home/tagore/repos/STAT260/HW2/assets/Q_13_A_GA_gaussian_errors.png, id=75, 1011.78pt x 433.62pt>
File: /home/tagore/repos/STAT260/HW2/assets/Q_13_A_GA_gaussian_errors.png Graphic file (type png)
<use /home/tagore/repos/STAT260/HW2/assets/Q_13_A_GA_gaussian_errors.png>
Package pdftex.def Info: /home/tagore/repos/STAT260/HW2/assets/Q_13_A_GA_gaussian_errors.png  used on input line 241.
(pdftex.def)             Requested size: 452.9679pt x 194.1281pt.
</home/tagore/repos/STAT260/HW2/assets/Q_13_A_GA_sign_errors.png, id=76, 1011.78pt x 433.62pt>
File: /home/tagore/repos/STAT260/HW2/assets/Q_13_A_GA_sign_errors.png Graphic file (type png)
<use /home/tagore/repos/STAT260/HW2/assets/Q_13_A_GA_sign_errors.png>
Package pdftex.def Info: /home/tagore/repos/STAT260/HW2/assets/Q_13_A_GA_sign_errors.png  used on input line 248.
(pdftex.def)             Requested size: 452.9679pt x 194.1281pt.
</home/tagore/repos/STAT260/HW2/assets/Q_13_A_T3_gaussian_errors.png, id=77, 1011.78pt x 433.62pt>
File: /home/tagore/repos/STAT260/HW2/assets/Q_13_A_T3_gaussian_errors.png Graphic file (type png)
<use /home/tagore/repos/STAT260/HW2/assets/Q_13_A_T3_gaussian_errors.png>
Package pdftex.def Info: /home/tagore/repos/STAT260/HW2/assets/Q_13_A_T3_gaussian_errors.png  used on input line 255.
(pdftex.def)             Requested size: 452.9679pt x 194.1281pt.


[8 </home/tagore/repos/STAT260/HW2/assets/Q_13_A_GA_gaussian_errors.png> </home/tagore/repos/STAT260/HW2/assets/Q_13_A_GA_sign_errors.png>]
</home/tagore/repos/STAT260/HW2/assets/Q_13_A_T3_sign_errors.png, id=83, 1011.78pt x 433.62pt>
File: /home/tagore/repos/STAT260/HW2/assets/Q_13_A_T3_sign_errors.png Graphic file (type png)
<use /home/tagore/repos/STAT260/HW2/assets/Q_13_A_T3_sign_errors.png>
Package pdftex.def Info: /home/tagore/repos/STAT260/HW2/assets/Q_13_A_T3_sign_errors.png  used on input line 262.
(pdftex.def)             Requested size: 452.9679pt x 194.1281pt.
</home/tagore/repos/STAT260/HW2/assets/Q_13_A_T1_gaussian_errors.png, id=84, 1011.78pt x 433.62pt>
File: /home/tagore/repos/STAT260/HW2/assets/Q_13_A_T1_gaussian_errors.png Graphic file (type png)
<use /home/tagore/repos/STAT260/HW2/assets/Q_13_A_T1_gaussian_errors.png>
Package pdftex.def Info: /home/tagore/repos/STAT260/HW2/assets/Q_13_A_T1_gaussian_errors.png  used on input line 269.
(pdftex.def)             Requested size: 452.9679pt x 194.1281pt.
</home/tagore/repos/STAT260/HW2/assets/Q_13_A_T1_sign_errors.png, id=85, 1011.78pt x 433.62pt>
File: /home/tagore/repos/STAT260/HW2/assets/Q_13_A_T1_sign_errors.png Graphic file (type png)
<use /home/tagore/repos/STAT260/HW2/assets/Q_13_A_T1_sign_errors.png>
Package pdftex.def Info: /home/tagore/repos/STAT260/HW2/assets/Q_13_A_T1_sign_errors.png  used on input line 276.
(pdftex.def)             Requested size: 452.9679pt x 194.1281pt.


[9 </home/tagore/repos/STAT260/HW2/assets/Q_13_A_T3_gaussian_errors.png> </home/tagore/repos/STAT260/HW2/assets/Q_13_A_T3_sign_errors.png> </home/tagore/repos/STAT260/HW2/assets/Q_13_A_T1_gaussian_errors.png>]
</home/tagore/repos/STAT260/HW2/assets/Q13.5_A_GA_frobenius_error.png, id=92, 578.16pt x 433.62pt>
File: /home/tagore/repos/STAT260/HW2/assets/Q13.5_A_GA_frobenius_error.png Graphic file (type png)
<use /home/tagore/repos/STAT260/HW2/assets/Q13.5_A_GA_frobenius_error.png>
Package pdftex.def Info: /home/tagore/repos/STAT260/HW2/assets/Q13.5_A_GA_frobenius_error.png  used on input line 294.
(pdftex.def)             Requested size: 217.42265pt x 163.06363pt.
</home/tagore/repos/STAT260/HW2/assets/Q13.5_A_GA_projection_frobenius_error.png, id=93, 578.16pt x 433.62pt>
File: /home/tagore/repos/STAT260/HW2/assets/Q13.5_A_GA_projection_frobenius_error.png Graphic file (type png)
<use /home/tagore/repos/STAT260/HW2/assets/Q13.5_A_GA_projection_frobenius_error.png>
Package pdftex.def Info: /home/tagore/repos/STAT260/HW2/assets/Q13.5_A_GA_projection_frobenius_error.png  used on input line 301.
(pdftex.def)             Requested size: 217.42265pt x 163.06363pt.
</home/tagore/repos/STAT260/HW2/assets/Q13.5_A_GA_spectral_error.png, id=94, 578.16pt x 433.62pt>
File: /home/tagore/repos/STAT260/HW2/assets/Q13.5_A_GA_spectral_error.png Graphic file (type png)
<use /home/tagore/repos/STAT260/HW2/assets/Q13.5_A_GA_spectral_error.png>
Package pdftex.def Info: /home/tagore/repos/STAT260/HW2/assets/Q13.5_A_GA_spectral_error.png  used on input line 311.
(pdftex.def)             Requested size: 217.42265pt x 163.06363pt.
</home/tagore/repos/STAT260/HW2/assets/Q13.5_A_GA_projection_spectral_error.png, id=95, 578.16pt x 433.62pt>
File: /home/tagore/repos/STAT260/HW2/assets/Q13.5_A_GA_projection_spectral_error.png Graphic file (type png)
<use /home/tagore/repos/STAT260/HW2/assets/Q13.5_A_GA_projection_spectral_error.png>
Package pdftex.def Info: /home/tagore/repos/STAT260/HW2/assets/Q13.5_A_GA_projection_spectral_error.png  used on input line 318.
(pdftex.def)             Requested size: 217.42265pt x 163.06363pt.


[10 </home/tagore/repos/STAT260/HW2/assets/Q_13_A_T1_sign_errors.png>]

[11 </home/tagore/repos/STAT260/HW2/assets/Q13.5_A_GA_frobenius_error.png> </home/tagore/repos/STAT260/HW2/assets/Q13.5_A_GA_projection_frobenius_error.png> </home/tagore/repos/STAT260/HW2/assets/Q13.5_A_GA_spectral_error.png> </home/tagore/repos/STAT260/HW2/assets/Q13.5_A_GA_projection_spectral_error.png>]
</home/tagore/repos/STAT260/HW2/assets/Q13.5_A_T1_frobenius_error.png, id=110, 578.16pt x 433.62pt>
File: /home/tagore/repos/STAT260/HW2/assets/Q13.5_A_T1_frobenius_error.png Graphic file (type png)
<use /home/tagore/repos/STAT260/HW2/assets/Q13.5_A_T1_frobenius_error.png>
Package pdftex.def Info: /home/tagore/repos/STAT260/HW2/assets/Q13.5_A_T1_frobenius_error.png  used on input line 335.
(pdftex.def)             Requested size: 217.42265pt x 163.06363pt.
</home/tagore/repos/STAT260/HW2/assets/Q13.5_A_T1_projection_frobenius_error.png, id=111, 578.16pt x 433.62pt>
File: /home/tagore/repos/STAT260/HW2/assets/Q13.5_A_T1_projection_frobenius_error.png Graphic file (type png)
<use /home/tagore/repos/STAT260/HW2/assets/Q13.5_A_T1_projection_frobenius_error.png>
Package pdftex.def Info: /home/tagore/repos/STAT260/HW2/assets/Q13.5_A_T1_projection_frobenius_error.png  used on input line 342.
(pdftex.def)             Requested size: 217.42265pt x 163.06363pt.
</home/tagore/repos/STAT260/HW2/assets/Q13.5_A_T1_spectral_error.png, id=112, 578.16pt x 433.62pt>
File: /home/tagore/repos/STAT260/HW2/assets/Q13.5_A_T1_spectral_error.png Graphic file (type png)
<use /home/tagore/repos/STAT260/HW2/assets/Q13.5_A_T1_spectral_error.png>
Package pdftex.def Info: /home/tagore/repos/STAT260/HW2/assets/Q13.5_A_T1_spectral_error.png  used on input line 352.
(pdftex.def)             Requested size: 217.42265pt x 163.06363pt.
</home/tagore/repos/STAT260/HW2/assets/Q13.5_A_T1_projection_spectral_error.png, id=113, 578.16pt x 433.62pt>
File: /home/tagore/repos/STAT260/HW2/assets/Q13.5_A_T1_projection_spectral_error.png Graphic file (type png)
<use /home/tagore/repos/STAT260/HW2/assets/Q13.5_A_T1_projection_spectral_error.png>
Package pdftex.def Info: /home/tagore/repos/STAT260/HW2/assets/Q13.5_A_T1_projection_spectral_error.png  used on input line 359.
(pdftex.def)             Requested size: 217.42265pt x 163.06363pt.


[12 </home/tagore/repos/STAT260/HW2/assets/Q13.5_A_T1_frobenius_error.png> </home/tagore/repos/STAT260/HW2/assets/Q13.5_A_T1_projection_frobenius_error.png> </home/tagore/repos/STAT260/HW2/assets/Q13.5_A_T1_spectral_error.png> </home/tagore/repos/STAT260/HW2/assets/Q13.5_A_T1_projection_spectral_error.png>]
</home/tagore/repos/STAT260/HW2/assets/Q13.5_A_T3_frobenius_error.png, id=122, 578.16pt x 433.62pt>
File: /home/tagore/repos/STAT260/HW2/assets/Q13.5_A_T3_frobenius_error.png Graphic file (type png)
<use /home/tagore/repos/STAT260/HW2/assets/Q13.5_A_T3_frobenius_error.png>
Package pdftex.def Info: /home/tagore/repos/STAT260/HW2/assets/Q13.5_A_T3_frobenius_error.png  used on input line 376.
(pdftex.def)             Requested size: 217.42265pt x 163.06363pt.
</home/tagore/repos/STAT260/HW2/assets/Q13.5_A_T3_projection_frobenius_error.png, id=123, 578.16pt x 433.62pt>
File: /home/tagore/repos/STAT260/HW2/assets/Q13.5_A_T3_projection_frobenius_error.png Graphic file (type png)
<use /home/tagore/repos/STAT260/HW2/assets/Q13.5_A_T3_projection_frobenius_error.png>
Package pdftex.def Info: /home/tagore/repos/STAT260/HW2/assets/Q13.5_A_T3_projection_frobenius_error.png  used on input line 383.
(pdftex.def)             Requested size: 217.42265pt x 163.06363pt.
</home/tagore/repos/STAT260/HW2/assets/Q13.5_A_T3_spectral_error.png, id=124, 578.16pt x 433.62pt>
File: /home/tagore/repos/STAT260/HW2/assets/Q13.5_A_T3_spectral_error.png Graphic file (type png)
<use /home/tagore/repos/STAT260/HW2/assets/Q13.5_A_T3_spectral_error.png>
Package pdftex.def Info: /home/tagore/repos/STAT260/HW2/assets/Q13.5_A_T3_spectral_error.png  used on input line 393.
(pdftex.def)             Requested size: 217.42265pt x 163.06363pt.
</home/tagore/repos/STAT260/HW2/assets/Q13.5_A_T3_projection_spectral_error.png, id=125, 578.16pt x 433.62pt>
File: /home/tagore/repos/STAT260/HW2/assets/Q13.5_A_T3_projection_spectral_error.png Graphic file (type png)
<use /home/tagore/repos/STAT260/HW2/assets/Q13.5_A_T3_projection_spectral_error.png>
Package pdftex.def Info: /home/tagore/repos/STAT260/HW2/assets/Q13.5_A_T3_projection_spectral_error.png  used on input line 400.
(pdftex.def)             Requested size: 217.42265pt x 163.06363pt.


[13 </home/tagore/repos/STAT260/HW2/assets/Q13.5_A_T3_frobenius_error.png> </home/tagore/repos/STAT260/HW2/assets/Q13.5_A_T3_projection_frobenius_error.png> </home/tagore/repos/STAT260/HW2/assets/Q13.5_A_T3_spectral_error.png> </home/tagore/repos/STAT260/HW2/assets/Q13.5_A_T3_projection_spectral_error.png>] (./hw2.aux)
 ***********
LaTeX2e <2024-11-01> patch level 2
L3 programming layer <2025-01-18>
 ***********
 ) 
Here is how much of TeX's memory you used:
 6400 strings out of 475172
 119555 string characters out of 5765957
 832931 words of memory out of 5000000
 29370 multiletter control sequences out of 15000+600000
 564546 words of font info for 57 fonts, out of 8000000 for 9000
 14 hyphenation exceptions out of 8191
 57i,8n,65p,367b,1289s stack positions out of 10000i,1000n,20000p,200000b,200000s
</home/tagore/.TinyTeX/texmf-dist/fonts/type1/public/amsfonts/cm/cmbx12.pfb></home/tagore/.TinyTeX/texmf-dist/fonts/type1/public/amsfonts/cm/cmex10.pfb></home/tagore/.TinyTeX/texmf-dist/fonts/type1/public/amsfonts/cm/cmmi10.pfb></home/tagore/.TinyTeX/texmf-dist/fonts/type1/public/amsfonts/cm/cmmi12.pfb></home/tagore/.TinyTeX/texmf-dist/fonts/type1/public/amsfonts/cm/cmmi7.pfb></home/tagore/.TinyTeX/texmf-dist/fonts/type1/public/amsfonts/cm/cmmi8.pfb></home/tagore/.TinyTeX/texmf-dist/fonts/type1/public/amsfonts/cm/cmr10.pfb></home/tagore/.TinyTeX/texmf-dist/fonts/type1/public/amsfonts/cm/cmr12.pfb></home/tagore/.TinyTeX/texmf-dist/fonts/type1/public/amsfonts/cm/cmr17.pfb></home/tagore/.TinyTeX/texmf-dist/fonts/type1/public/amsfonts/cm/cmr5.pfb></home/tagore/.TinyTeX/texmf-dist/fonts/type1/public/amsfonts/cm/cmr7.pfb></home/tagore/.TinyTeX/texmf-dist/fonts/type1/public/amsfonts/cm/cmr8.pfb></home/tagore/.TinyTeX/texmf-dist/fonts/type1/public/amsfonts/cm/cmr9.pfb></home/tagore/.TinyTeX/texmf-dist/fonts/type1/public/amsfonts/cm/cmsy10.pfb></home/tagore/.TinyTeX/texmf-dist/fonts/type1/public/amsfonts/cm/cmsy7.pfb></home/tagore/.TinyTeX/texmf-dist/fonts/type1/public/amsfonts/cm/cmtt10.pfb></home/tagore/.TinyTeX/texmf-dist/fonts/type1/public/amsfonts/cm/cmtt9.pfb>
Output written on hw2.pdf (13 pages, 2370616 bytes).
PDF statistics:
 205 PDF objects out of 1000 (max. 8388607)
 83 compressed objects within 1 object stream
 0 named destinations out of 1000 (max. 500000)
 181 words of extra memory for PDF output out of 10000 (max. 10000000)

